[2025-12-08 09:33:49] [Debug] Paramètres sauvegardés avec succès
[2025-12-08 09:33:49] [Debug] Paramètres sauvegardés avec succès
[2025-12-08 09:33:49] [Debug] Paramètres sauvegardés avec succès
[2025-12-08 09:33:49] [Debug] Paramètres sauvegardés avec succès
[2025-12-08 09:33:49] [Debug] Paramètres sauvegardés avec succès
[2025-12-08 09:33:49] [Debug] Paramètres sauvegardés avec succès
[2025-12-08 09:33:49] [Debug] Paramètres sauvegardés avec succès
[2025-12-08 09:33:49] [Debug] Paramètres sauvegardés avec succès
[2025-12-08 09:33:49] [Debug] Paramètres sauvegardés avec succès
[2025-12-08 09:33:49] [Debug] Paramètres sauvegardés avec succès
[2025-12-08 09:33:49] [Debug] Paramètres sauvegardés avec succès
[2025-12-08 09:34:03] [Info] Début du nettoyage (dry-run)...
[2025-12-08 09:34:03] [Info] Nettoyage fichiers orphelins: C:\Users\c.lecomte\AppData\Local\Temp\
[2025-12-08 09:34:03] [Info] Nettoyage du dossier temporaire utilisateur: C:\Users\c.lecomte\AppData\Local\Temp\
[2025-12-08 09:34:03] [Info] Nettoyage du dossier Temp système: C:\WINDOWS\Temp
[2025-12-08 09:34:03] [Info] Nettoyage du dossier LocalAppData Temp: C:\Users\c.lecomte\AppData\Local\Temp
[2025-12-08 09:34:03] [Info] Nettoyage Prefetch: C:\WINDOWS\Prefetch
[2025-12-08 09:34:03] [Info] Nettoyage vignettes: C:\Users\c.lecomte\AppData\Local\Microsoft\Windows\Explorer
[2025-12-08 09:34:03] [Info] Nettoyage SoftwareDistribution\Download: C:\WINDOWS\SoftwareDistribution\Download
[2025-12-08 09:34:03] [Info] Supprimé vignette: C:\Users\c.lecomte\AppData\Local\Microsoft\Windows\Explorer\thumbcache_1280.db
[2025-12-08 09:34:03] [Info] Nettoyage cache Firefox: C:\Users\c.lecomte\AppData\Local\Mozilla\Firefox\Profiles
[2025-12-08 09:34:03] [Info] Nettoyage cache Edge: C:\Users\c.lecomte\AppData\Local\Microsoft\Edge\User Data\Default\Cache
[2025-12-08 09:34:03] [Info] Nettoyage cache Chrome: C:\Users\c.lecomte\AppData\Local\Google\Chrome\User Data\Default\Cache
[2025-12-08 09:34:03] [Info] Supprimé vignette: C:\Users\c.lecomte\AppData\Local\Microsoft\Windows\Explorer\thumbcache_16.db
[2025-12-08 09:34:03] [Info] Supprimé fichier orphelin: CitrixAutoUpdate.log
[2025-12-08 09:34:03] [Info] Supprimé vignette: C:\Users\c.lecomte\AppData\Local\Microsoft\Windows\Explorer\thumbcache_1920.db
[2025-12-08 09:34:03] [Info] Supprimé vignette: C:\Users\c.lecomte\AppData\Local\Microsoft\Windows\Explorer\thumbcache_256.db
[2025-12-08 09:34:03] [Info] Supprimé vignette: C:\Users\c.lecomte\AppData\Local\Microsoft\Windows\Explorer\thumbcache_2560.db
[2025-12-08 09:34:03] [Info] Supprimé vignette: C:\Users\c.lecomte\AppData\Local\Microsoft\Windows\Explorer\thumbcache_32.db
[2025-12-08 09:34:03] [Info] Supprimé vignette: C:\Users\c.lecomte\AppData\Local\Microsoft\Windows\Explorer\thumbcache_48.db
[2025-12-08 09:34:03] [Info] Supprimé vignette: C:\Users\c.lecomte\AppData\Local\Microsoft\Windows\Explorer\thumbcache_768.db
[2025-12-08 09:34:03] [Info] Supprimé vignette: C:\Users\c.lecomte\AppData\Local\Microsoft\Windows\Explorer\thumbcache_96.db
[2025-12-08 09:34:03] [Info] Supprimé vignette: C:\Users\c.lecomte\AppData\Local\Microsoft\Windows\Explorer\thumbcache_custom_stream.db
[2025-12-08 09:34:03] [Info] Supprimé vignette: C:\Users\c.lecomte\AppData\Local\Microsoft\Windows\Explorer\thumbcache_exif.db
[2025-12-08 09:34:03] [Info] Supprimé vignette: C:\Users\c.lecomte\AppData\Local\Microsoft\Windows\Explorer\thumbcache_idx.db
[2025-12-08 09:34:03] [Info] (dry-run) Suppression planifiée: C:\WINDOWS\Temp\.ses
[2025-12-08 09:34:03] [Info] (dry-run) Suppression planifiée: C:\WINDOWS\Prefetch\ACCORECONSOLE.EXE-D74B3266.pf
[2025-12-08 09:34:03] [Info] Supprimé: C:\WINDOWS\Prefetch\ACCORECONSOLE.EXE-D74B3266.pf
[2025-12-08 09:34:03] [Info] (dry-run) Suppression planifiée: C:\WINDOWS\Prefetch\MSEDGE.EXE-37D25F9E.pf
[2025-12-08 09:34:03] [Info] Supprimé: C:\WINDOWS\Prefetch\MSEDGE.EXE-37D25F9E.pf
[2025-12-08 09:34:03] [Info] (dry-run) Suppression planifiée: C:\WINDOWS\Temp\FRLT312573-20251208-0919.log
[2025-12-08 09:34:03] [Info] Supprimé: C:\WINDOWS\Temp\FRLT312573-20251208-0919.log
[2025-12-08 09:34:03] [Info] (dry-run) Suppression planifiée: C:\WINDOWS\Temp\FRLT312573-20251206-1350.log
[2025-12-08 09:34:03] [Info] Supprimé: C:\WINDOWS\Temp\FRLT312573-20251206-1350.log
[2025-12-08 09:34:03] [Info] (dry-run) Suppression planifiée du dossier: C:\Users\c.lecomte\AppData\Local\Temp\acrocef_low
[2025-12-08 09:34:03] [Info] Supprimé dossier: C:\Users\c.lecomte\AppData\Local\Temp\acrocef_low
[2025-12-08 09:34:03] [Info] Supprimé vignette: C:\Users\c.lecomte\AppData\Local\Microsoft\Windows\Explorer\thumbcache_sr.db
[2025-12-08 09:34:03] [Info] (dry-run) Suppression planifiée du dossier: C:\Users\c.lecomte\AppData\Local\Temp\.das.local.jobsroot
[2025-12-08 09:34:03] [Info] Supprimé dossier: C:\Users\c.lecomte\AppData\Local\Temp\.das.local.jobsroot
[2025-12-08 09:34:03] [Info] Supprimé: C:\WINDOWS\Temp\.ses
[2025-12-08 09:34:03] [Info] (dry-run) Suppression planifiée: C:\Users\c.lecomte\AppData\Local\Temp\accc192162
[2025-12-08 09:34:03] [Info] Supprimé: C:\Users\c.lecomte\AppData\Local\Temp\accc192162
[2025-12-08 09:34:03] [Info] (dry-run) Suppression planifiée: C:\WINDOWS\Prefetch\RG.EXE-4C4001C4.pf
[2025-12-08 09:34:03] [Info] Supprimé: C:\WINDOWS\Prefetch\RG.EXE-4C4001C4.pf
[2025-12-08 09:34:03] [Info] (dry-run) Suppression planifiée du dossier: C:\Users\c.lecomte\AppData\Local\Microsoft\Edge\User Data\Default\Cache\Cache_Data
[2025-12-08 09:34:03] [Info] Supprimé dossier: C:\Users\c.lecomte\AppData\Local\Microsoft\Edge\User Data\Default\Cache\Cache_Data
[2025-12-08 09:34:03] [Info] (dry-run) Suppression planifiée du dossier: C:\Users\c.lecomte\AppData\Local\Microsoft\Edge\User Data\Default\Cache\No_Vary_Search
[2025-12-08 09:34:03] [Info] Supprimé dossier: C:\Users\c.lecomte\AppData\Local\Microsoft\Edge\User Data\Default\Cache\No_Vary_Search
[2025-12-08 09:34:03] [Info] (dry-run) Suppression planifiée: C:\Users\c.lecomte\AppData\Local\Temp\fc94f261-0866-43df-a190-c03f8d9fe136.tmp
[2025-12-08 09:34:03] [Info] Supprimé: C:\Users\c.lecomte\AppData\Local\Temp\fc94f261-0866-43df-a190-c03f8d9fe136.tmp
[2025-12-08 09:34:03] [Info] (dry-run) Suppression planifiée du dossier: C:\Users\c.lecomte\AppData\Local\Temp\acrord32_sbx
[2025-12-08 09:34:03] [Info] Supprimé dossier: C:\Users\c.lecomte\AppData\Local\Temp\acrord32_sbx
[2025-12-08 09:34:03] [Info] (dry-run) Suppression planifiée du dossier: C:\Users\c.lecomte\AppData\Local\Temp\.das.local.jobsroot
[2025-12-08 09:34:03] [Info] Supprimé dossier: C:\Users\c.lecomte\AppData\Local\Temp\.das.local.jobsroot
[2025-12-08 09:34:03] [Info] (dry-run) Suppression planifiée: C:\Users\c.lecomte\AppData\Local\Temp\fc94f261-0866-43df-a190-c03f8d9fe136.tmp
[2025-12-08 09:34:03] [Info] Supprimé: C:\Users\c.lecomte\AppData\Local\Temp\fc94f261-0866-43df-a190-c03f8d9fe136.tmp
[2025-12-08 09:34:03] [Info] (dry-run) Suppression planifiée: C:\Users\c.lecomte\AppData\Local\Temp\accc195082
[2025-12-08 09:34:03] [Info] Supprimé: C:\Users\c.lecomte\AppData\Local\Temp\accc195082
[2025-12-08 09:34:03] [Info] (dry-run) Suppression planifiée: C:\WINDOWS\Prefetch\RUNDLL32.EXE-D673D18F.pf
[2025-12-08 09:34:03] [Info] Supprimé: C:\WINDOWS\Prefetch\RUNDLL32.EXE-D673D18F.pf
[2025-12-08 09:34:03] [Info] (dry-run) Suppression planifiée: C:\Users\c.lecomte\AppData\Local\Temp\accc192162
[2025-12-08 09:34:03] [Info] Supprimé: C:\Users\c.lecomte\AppData\Local\Temp\accc192162
[2025-12-08 09:34:03] [Info] (dry-run) Suppression planifiée: C:\Users\c.lecomte\AppData\Local\Temp\mat-debug-11460.log
[2025-12-08 09:34:03] [Info] Supprimé: C:\Users\c.lecomte\AppData\Local\Temp\mat-debug-11460.log
[2025-12-08 09:34:03] [Info] (dry-run) Suppression planifiée: C:\Users\c.lecomte\AppData\Local\Temp\.ses
[2025-12-08 09:34:03] [Info] Supprimé: C:\Users\c.lecomte\AppData\Local\Temp\.ses
[2025-12-08 09:34:03] [Info] (dry-run) Suppression planifiée: C:\Users\c.lecomte\AppData\Local\Temp\.ses
[2025-12-08 09:34:03] [Info] Supprimé: C:\Users\c.lecomte\AppData\Local\Temp\.ses
[2025-12-08 09:34:03] [Info] (dry-run) Suppression planifiée: C:\Users\c.lecomte\AppData\Local\Temp\mat-debug-11460.log
[2025-12-08 09:34:03] [Info] Supprimé: C:\Users\c.lecomte\AppData\Local\Temp\mat-debug-11460.log
[2025-12-08 09:34:03] [Info] (dry-run) Suppression planifiée: C:\Users\c.lecomte\AppData\Local\Temp\accc195282
[2025-12-08 09:34:03] [Info] Supprimé: C:\Users\c.lecomte\AppData\Local\Temp\accc195282
[2025-12-08 09:34:03] [Info] (dry-run) Suppression planifiée: C:\WINDOWS\Prefetch\RUNTIMEBROKER.EXE-2C5A250C.pf
[2025-12-08 09:34:03] [Info] Supprimé: C:\WINDOWS\Prefetch\RUNTIMEBROKER.EXE-2C5A250C.pf
[2025-12-08 09:34:03] [Info] (dry-run) Suppression planifiée: C:\Users\c.lecomte\AppData\Local\Temp\accc195082
[2025-12-08 09:34:03] [Info] Supprimé: C:\Users\c.lecomte\AppData\Local\Temp\accc195082
[2025-12-08 09:34:03] [Info] (dry-run) Suppression planifiée: C:\Users\c.lecomte\AppData\Local\Temp\mat-debug-13636.log
[2025-12-08 09:34:03] [Info] Supprimé: C:\Users\c.lecomte\AppData\Local\Temp\mat-debug-13636.log
[2025-12-08 09:34:03] [Info] (dry-run) Suppression planifiée: C:\Users\c.lecomte\AppData\Local\Temp\0704df0c-22a4-4479-9cf7-aba459fe0fe6.tmp
[2025-12-08 09:34:03] [Info] Supprimé: C:\Users\c.lecomte\AppData\Local\Temp\0704df0c-22a4-4479-9cf7-aba459fe0fe6.tmp
[2025-12-08 09:34:03] [Info] (dry-run) Suppression planifiée: C:\Users\c.lecomte\AppData\Local\Temp\0704df0c-22a4-4479-9cf7-aba459fe0fe6.tmp
[2025-12-08 09:34:03] [Info] Supprimé: C:\Users\c.lecomte\AppData\Local\Temp\0704df0c-22a4-4479-9cf7-aba459fe0fe6.tmp
[2025-12-08 09:34:03] [Info] (dry-run) Suppression planifiée: C:\Users\c.lecomte\AppData\Local\Temp\mat-debug-13636.log
[2025-12-08 09:34:03] [Info] Supprimé: C:\Users\c.lecomte\AppData\Local\Temp\mat-debug-13636.log
[2025-12-08 09:34:03] [Info] (dry-run) Suppression planifiée: C:\Users\c.lecomte\AppData\Local\Temp\accc202962
[2025-12-08 09:34:03] [Info] Supprimé: C:\Users\c.lecomte\AppData\Local\Temp\accc202962
[2025-12-08 09:34:03] [Info] (dry-run) Suppression planifiée: C:\WINDOWS\Prefetch\RUNTIMEBROKER.EXE-4551A062.pf
[2025-12-08 09:34:03] [Info] Supprimé: C:\WINDOWS\Prefetch\RUNTIMEBROKER.EXE-4551A062.pf
[2025-12-08 09:34:03] [Info] (dry-run) Suppression planifiée: C:\Users\c.lecomte\AppData\Local\Temp\accc195282
[2025-12-08 09:34:03] [Info] Supprimé: C:\Users\c.lecomte\AppData\Local\Temp\accc195282
[2025-12-08 09:34:03] [Info] (dry-run) Suppression planifiée: C:\Users\c.lecomte\AppData\Local\Temp\mat-debug-14072.log
[2025-12-08 09:34:03] [Info] Supprimé: C:\Users\c.lecomte\AppData\Local\Temp\mat-debug-14072.log
[2025-12-08 09:34:03] [Info] (dry-run) Suppression planifiée: C:\Users\c.lecomte\AppData\Local\Temp\087a611c-c30d-409a-af1e-e039fbc640e6.tmp
[2025-12-08 09:34:03] [Info] Supprimé: C:\Users\c.lecomte\AppData\Local\Temp\087a611c-c30d-409a-af1e-e039fbc640e6.tmp
[2025-12-08 09:34:03] [Info] (dry-run) Suppression planifiée du dossier: C:\Users\c.lecomte\AppData\Local\Temp\MetadataAsSource
[2025-12-08 09:34:03] [Info] Supprimé dossier: C:\Users\c.lecomte\AppData\Local\Temp\MetadataAsSource
[2025-12-08 09:34:03] [Info] (dry-run) Suppression planifiée: C:\Users\c.lecomte\AppData\Local\Temp\mat-debug-14072.log
[2025-12-08 09:34:03] [Info] Supprimé: C:\Users\c.lecomte\AppData\Local\Temp\mat-debug-14072.log
[2025-12-08 09:34:03] [Info] (dry-run) Suppression planifiée: C:\Users\c.lecomte\AppData\Local\Temp\accc208962
[2025-12-08 09:34:03] [Info] Supprimé: C:\Users\c.lecomte\AppData\Local\Temp\accc208962
[2025-12-08 09:34:03] [Info] (dry-run) Suppression planifiée: C:\WINDOWS\Prefetch\RUNTIMEBROKER.EXE-C767D4BE.pf
[2025-12-08 09:34:03] [Info] Supprimé: C:\WINDOWS\Prefetch\RUNTIMEBROKER.EXE-C767D4BE.pf
[2025-12-08 09:34:03] [Info] (dry-run) Suppression planifiée: C:\Users\c.lecomte\AppData\Local\Temp\accc202962
[2025-12-08 09:34:03] [Info] Supprimé: C:\Users\c.lecomte\AppData\Local\Temp\accc202962
[2025-12-08 09:34:03] [Info] (dry-run) Suppression planifiée: C:\WINDOWS\Prefetch\MSEDGE.EXE-37D25FA4.pf
[2025-12-08 09:34:03] [Info] Supprimé: C:\WINDOWS\Prefetch\MSEDGE.EXE-37D25FA4.pf
[2025-12-08 09:34:03] [Info] (dry-run) Suppression planifiée: C:\WINDOWS\Prefetch\DLLHOST.EXE-7D5CE0CA.pf
[2025-12-08 09:34:03] [Info] Supprimé: C:\WINDOWS\Prefetch\DLLHOST.EXE-7D5CE0CA.pf
[2025-12-08 09:34:03] [Info] (dry-run) Suppression planifiée du dossier: C:\Users\c.lecomte\AppData\Local\Temp\Microsoft
[2025-12-08 09:34:03] [Info] Supprimé dossier: C:\Users\c.lecomte\AppData\Local\Temp\Microsoft
[2025-12-08 09:34:03] [Info] (dry-run) Suppression planifiée du dossier: C:\Users\c.lecomte\AppData\Local\Temp\MetadataAsSource
[2025-12-08 09:34:03] [Info] Supprimé dossier: C:\Users\c.lecomte\AppData\Local\Temp\MetadataAsSource
[2025-12-08 09:34:03] [Info] (dry-run) Suppression planifiée du dossier: C:\Users\c.lecomte\AppData\Local\Temp\acrord32_super_sbx
[2025-12-08 09:34:03] [Info] Supprimé dossier: C:\Users\c.lecomte\AppData\Local\Temp\acrord32_super_sbx
[2025-12-08 09:34:03] [Info] (dry-run) Suppression planifiée: C:\WINDOWS\Prefetch\ACRORD32.EXE-F7519AA2.pf
[2025-12-08 09:34:03] [Info] Supprimé: C:\WINDOWS\Prefetch\ACRORD32.EXE-F7519AA2.pf
[2025-12-08 09:34:03] [Info] (dry-run) Suppression planifiée: C:\Users\c.lecomte\AppData\Local\Temp\087a611c-c30d-409a-af1e-e039fbc640e6.tmp
[2025-12-08 09:34:03] [Info] Supprimé: C:\Users\c.lecomte\AppData\Local\Temp\087a611c-c30d-409a-af1e-e039fbc640e6.tmp
[2025-12-08 09:34:03] [Info] (dry-run) Suppression planifiée du dossier: C:\Users\c.lecomte\AppData\Local\Temp\acrocef_low
[2025-12-08 09:34:03] [Info] Supprimé dossier: C:\Users\c.lecomte\AppData\Local\Temp\acrocef_low
[2025-12-08 09:34:03] [Info] Supprimé vignette: C:\Users\c.lecomte\AppData\Local\Microsoft\Windows\Explorer\thumbcache_wide.db
[2025-12-08 09:34:03] [Info] (dry-run) Suppression planifiée: C:\Users\c.lecomte\AppData\Local\Temp\Microsoft.NET.Workload_6352_20251208_091500_440.log
[2025-12-08 09:34:03] [Info] Supprimé: C:\Users\c.lecomte\AppData\Local\Temp\Microsoft.NET.Workload_6352_20251208_091500_440.log
[2025-12-08 09:34:03] [Info] (dry-run) Suppression planifiée: C:\WINDOWS\Prefetch\SDXHELPER.EXE-832215EB.pf
[2025-12-08 09:34:03] [Info] Supprimé: C:\WINDOWS\Prefetch\SDXHELPER.EXE-832215EB.pf
[2025-12-08 09:34:03] [Info] (dry-run) Suppression planifiée du dossier: C:\Users\c.lecomte\AppData\Local\Temp\Microsoft
[2025-12-08 09:34:03] [Info] Supprimé dossier: C:\Users\c.lecomte\AppData\Local\Temp\Microsoft
[2025-12-08 09:34:03] [Info] (dry-run) Suppression planifiée: C:\Users\c.lecomte\AppData\Local\Temp\accc208962
[2025-12-08 09:34:03] [Info] Supprimé: C:\Users\c.lecomte\AppData\Local\Temp\accc208962
[2025-12-08 09:34:03] [Info] (dry-run) Suppression planifiée: C:\WINDOWS\Prefetch\MSEDGE.EXE-37D25FA5.pf
[2025-12-08 09:34:03] [Info] Supprimé: C:\WINDOWS\Prefetch\MSEDGE.EXE-37D25FA5.pf
[2025-12-08 09:34:03] [Info] Supprimé vignette: C:\Users\c.lecomte\AppData\Local\Microsoft\Windows\Explorer\thumbcache_wide_alternate.db
[2025-12-08 09:34:03] [Info] (dry-run) Suppression planifiée du dossier: C:\Users\c.lecomte\AppData\Local\Temp\acrord32_sbx
[2025-12-08 09:34:03] [Info] Supprimé dossier: C:\Users\c.lecomte\AppData\Local\Temp\acrord32_sbx
[2025-12-08 09:34:03] [Info] (dry-run) Suppression planifiée du dossier: C:\Users\c.lecomte\AppData\Local\Temp\MSBuildTemp
[2025-12-08 09:34:03] [Info] Supprimé dossier: C:\Users\c.lecomte\AppData\Local\Temp\MSBuildTemp
[2025-12-08 09:34:03] [Info] (dry-run) Suppression planifiée: C:\WINDOWS\Prefetch\SEARCHFILTERHOST.EXE-44162447.pf
[2025-12-08 09:34:03] [Info] Supprimé: C:\WINDOWS\Prefetch\SEARCHFILTERHOST.EXE-44162447.pf
[2025-12-08 09:34:03] [Info] (dry-run) Suppression planifiée: C:\Users\c.lecomte\AppData\Local\Temp\Microsoft.NET.Workload_6352_20251208_091500_440.log
[2025-12-08 09:34:03] [Info] Supprimé: C:\Users\c.lecomte\AppData\Local\Temp\Microsoft.NET.Workload_6352_20251208_091500_440.log
[2025-12-08 09:34:03] [Info] (dry-run) Suppression planifiée: C:\Users\c.lecomte\AppData\Local\Temp\accc210802
[2025-12-08 09:34:03] [Info] Supprimé: C:\Users\c.lecomte\AppData\Local\Temp\accc210802
[2025-12-08 09:34:03] [Info] (dry-run) Suppression planifiée: C:\WINDOWS\Prefetch\MSEDGE.EXE-37D25FA7.pf
[2025-12-08 09:34:03] [Info] Supprimé: C:\WINDOWS\Prefetch\MSEDGE.EXE-37D25FA7.pf
[2025-12-08 09:34:03] [Info] (dry-run) Suppression planifiée du dossier: C:\Users\c.lecomte\AppData\Local\Temp\acrord32_super_sbx
[2025-12-08 09:34:03] [Info] Supprimé dossier: C:\Users\c.lecomte\AppData\Local\Temp\acrord32_super_sbx
[2025-12-08 09:34:03] [Info] (dry-run) Suppression planifiée du dossier: C:\Users\c.lecomte\AppData\Local\Temp\15FCE767F24F74D1
[2025-12-08 09:34:03] [Info] Supprimé dossier: C:\Users\c.lecomte\AppData\Local\Temp\15FCE767F24F74D1
[2025-12-08 09:34:03] [Info] (dry-run) Suppression planifiée: C:\Users\c.lecomte\AppData\Local\Temp\AdobeARM.log
[2025-12-08 09:34:03] [Info] Supprimé: C:\Users\c.lecomte\AppData\Local\Temp\AdobeARM.log
[2025-12-08 09:34:03] [Info] (dry-run) Suppression planifiée: C:\WINDOWS\Prefetch\ACRORD32.EXE-F7519AA3.pf
[2025-12-08 09:34:03] [Info] Supprimé: C:\WINDOWS\Prefetch\ACRORD32.EXE-F7519AA3.pf
[2025-12-08 09:34:03] [Info] (dry-run) Suppression planifiée: C:\WINDOWS\Prefetch\DLLHOST.EXE-AB90D532.pf
[2025-12-08 09:34:03] [Info] Supprimé: C:\WINDOWS\Prefetch\DLLHOST.EXE-AB90D532.pf
[2025-12-08 09:34:03] [Info] (dry-run) Suppression planifiée: C:\Users\c.lecomte\AppData\Local\Temp\accc210802
[2025-12-08 09:34:03] [Info] Supprimé: C:\Users\c.lecomte\AppData\Local\Temp\accc210802
[2025-12-08 09:34:03] [Info] (dry-run) Suppression planifiée du dossier: C:\Users\c.lecomte\AppData\Local\Temp\15FCE767F24F74D1
[2025-12-08 09:34:03] [Info] Supprimé dossier: C:\Users\c.lecomte\AppData\Local\Temp\15FCE767F24F74D1
[2025-12-08 09:34:03] [Info] (dry-run) Suppression planifiée du dossier: C:\Users\c.lecomte\AppData\Local\Temp\NuGetScratch
[2025-12-08 09:34:03] [Info] Supprimé dossier: C:\Users\c.lecomte\AppData\Local\Temp\NuGetScratch
[2025-12-08 09:34:03] [Info] (dry-run) Suppression planifiée: C:\WINDOWS\Prefetch\SEARCHPROTOCOLHOST.EXE-69C456C3.pf
[2025-12-08 09:34:03] [Info] Supprimé: C:\WINDOWS\Prefetch\SEARCHPROTOCOLHOST.EXE-69C456C3.pf
[2025-12-08 09:34:03] [Info] (dry-run) Suppression planifiée du dossier: C:\Users\c.lecomte\AppData\Local\Temp\MSBuildTemp
[2025-12-08 09:34:03] [Info] Supprimé dossier: C:\Users\c.lecomte\AppData\Local\Temp\MSBuildTemp
[2025-12-08 09:34:03] [Info] (dry-run) Suppression planifiée: C:\Users\c.lecomte\AppData\Local\Temp\accc211842
[2025-12-08 09:34:03] [Info] Supprimé: C:\Users\c.lecomte\AppData\Local\Temp\accc211842
[2025-12-08 09:34:03] [Info] (dry-run) Suppression planifiée: C:\WINDOWS\Prefetch\MSEDGE.EXE-37D25FA8.pf
[2025-12-08 09:34:03] [Info] Supprimé: C:\WINDOWS\Prefetch\MSEDGE.EXE-37D25FA8.pf
[2025-12-08 09:34:03] [Info] (dry-run) Suppression planifiée: C:\Users\c.lecomte\AppData\Local\Temp\AdobeARM.log
[2025-12-08 09:34:03] [Info] Supprimé: C:\Users\c.lecomte\AppData\Local\Temp\AdobeARM.log
[2025-12-08 09:34:03] [Info] (dry-run) Suppression planifiée: C:\Users\c.lecomte\AppData\Local\Temp\3ae97eb4-cb03-41df-af1d-fc6c7c10879e.tmp
[2025-12-08 09:34:03] [Info] Supprimé: C:\Users\c.lecomte\AppData\Local\Temp\3ae97eb4-cb03-41df-af1d-fc6c7c10879e.tmp
[2025-12-08 09:34:03] [Info] (dry-run) Suppression planifiée: C:\Users\c.lecomte\AppData\Local\Temp\adsk_adp_sdk_ipc_channel.lock
[2025-12-08 09:34:03] [Info] Supprimé: C:\Users\c.lecomte\AppData\Local\Temp\adsk_adp_sdk_ipc_channel.lock
[2025-12-08 09:34:03] [Info] (dry-run) Suppression planifiée: C:\WINDOWS\Prefetch\ADMIGRATOR.EXE-0F32F978.pf
[2025-12-08 09:34:03] [Info] Supprimé: C:\WINDOWS\Prefetch\ADMIGRATOR.EXE-0F32F978.pf
[2025-12-08 09:34:03] [Info] (dry-run) Suppression planifiée: C:\WINDOWS\Prefetch\DOTNET.EXE-7BF5AC29.pf
[2025-12-08 09:34:03] [Info] Supprimé: C:\WINDOWS\Prefetch\DOTNET.EXE-7BF5AC29.pf
[2025-12-08 09:34:03] [Info] (dry-run) Suppression planifiée: C:\Users\c.lecomte\AppData\Local\Temp\accc211842
[2025-12-08 09:34:03] [Info] Supprimé: C:\Users\c.lecomte\AppData\Local\Temp\accc211842
[2025-12-08 09:34:03] [Info] (dry-run) Suppression planifiée: C:\Users\c.lecomte\AppData\Local\Temp\3ae97eb4-cb03-41df-af1d-fc6c7c10879e.tmp
[2025-12-08 09:34:03] [Info] Supprimé: C:\Users\c.lecomte\AppData\Local\Temp\3ae97eb4-cb03-41df-af1d-fc6c7c10879e.tmp
[2025-12-08 09:34:03] [Info] (dry-run) Suppression planifiée du dossier: C:\Users\c.lecomte\AppData\Local\Temp\PSES-2916
[2025-12-08 09:34:03] [Info] Supprimé dossier: C:\Users\c.lecomte\AppData\Local\Temp\PSES-2916
[2025-12-08 09:34:03] [Info] (dry-run) Suppression planifiée: C:\WINDOWS\Prefetch\SH.EXE-F25CFF0D.pf
[2025-12-08 09:34:03] [Info] Supprimé: C:\WINDOWS\Prefetch\SH.EXE-F25CFF0D.pf
[2025-12-08 09:34:03] [Info] (dry-run) Suppression planifiée du dossier: C:\Users\c.lecomte\AppData\Local\Temp\NuGetScratch
[2025-12-08 09:34:03] [Info] Supprimé dossier: C:\Users\c.lecomte\AppData\Local\Temp\NuGetScratch
[2025-12-08 09:34:03] [Info] (dry-run) Suppression planifiée: C:\Users\c.lecomte\AppData\Local\Temp\accc21522
[2025-12-08 09:34:03] [Info] Supprimé: C:\Users\c.lecomte\AppData\Local\Temp\accc21522
[2025-12-08 09:34:03] [Info] (dry-run) Suppression planifiée: C:\WINDOWS\Prefetch\MSEDGE.EXE-37D25FAA.pf
[2025-12-08 09:34:03] [Info] Supprimé: C:\WINDOWS\Prefetch\MSEDGE.EXE-37D25FAA.pf
[2025-12-08 09:34:03] [Info] (dry-run) Suppression planifiée: C:\Users\c.lecomte\AppData\Local\Temp\adsk_adp_sdk_ipc_channel.lock
[2025-12-08 09:34:03] [Info] Supprimé: C:\Users\c.lecomte\AppData\Local\Temp\adsk_adp_sdk_ipc_channel.lock
[2025-12-08 09:34:03] [Info] (dry-run) Suppression planifiée: C:\Users\c.lecomte\AppData\Local\Temp\65a2a993-e6bd-490c-b9ee-7651d6d624f8.tmp
[2025-12-08 09:34:03] [Info] Supprimé: C:\Users\c.lecomte\AppData\Local\Temp\65a2a993-e6bd-490c-b9ee-7651d6d624f8.tmp
[2025-12-08 09:34:03] [Info] (dry-run) Suppression planifiée: C:\Users\c.lecomte\AppData\Local\Temp\adsk_odis_sdk.lock
[2025-12-08 09:34:03] [Info] Supprimé: C:\Users\c.lecomte\AppData\Local\Temp\adsk_odis_sdk.lock
[2025-12-08 09:34:03] [Info] (dry-run) Suppression planifiée: C:\WINDOWS\Prefetch\ADOBEARM.EXE-F9223367.pf
[2025-12-08 09:34:03] [Info] Supprimé: C:\WINDOWS\Prefetch\ADOBEARM.EXE-F9223367.pf
[2025-12-08 09:34:03] [Info] (dry-run) Suppression planifiée: C:\WINDOWS\Prefetch\DOTNET.EXE-A471E4E7.pf
[2025-12-08 09:34:03] [Info] Supprimé: C:\WINDOWS\Prefetch\DOTNET.EXE-A471E4E7.pf
[2025-12-08 09:34:03] [Info] (dry-run) Suppression planifiée: C:\Users\c.lecomte\AppData\Local\Temp\accc21522
[2025-12-08 09:34:03] [Info] Supprimé: C:\Users\c.lecomte\AppData\Local\Temp\accc21522
[2025-12-08 09:34:03] [Info] (dry-run) Suppression planifiée: C:\Users\c.lecomte\AppData\Local\Temp\65a2a993-e6bd-490c-b9ee-7651d6d624f8.tmp
[2025-12-08 09:34:03] [Info] Supprimé: C:\Users\c.lecomte\AppData\Local\Temp\65a2a993-e6bd-490c-b9ee-7651d6d624f8.tmp
[2025-12-08 09:34:03] [Info] (dry-run) Suppression planifiée du dossier: C:\Users\c.lecomte\AppData\Local\Temp\pyright-22868-QlqUUtTrFmaW
[2025-12-08 09:34:03] [Info] (dry-run) Suppression planifiée: C:\Users\c.lecomte\AppData\Local\Temp\8a3005b2-93c9-4f2a-9cb0-fd09b1ed177b.tmp
[2025-12-08 09:34:03] [Info] Supprimé: C:\Users\c.lecomte\AppData\Local\Temp\8a3005b2-93c9-4f2a-9cb0-fd09b1ed177b.tmp
[2025-12-08 09:34:03] [Info] (dry-run) Suppression planifiée: C:\Users\c.lecomte\AppData\Local\Temp\atmp2e791958
[2025-12-08 09:34:03] [Info] Supprimé: C:\Users\c.lecomte\AppData\Local\Temp\atmp2e791958
[2025-12-08 09:34:03] [Info] (dry-run) Suppression planifiée: C:\WINDOWS\Prefetch\ADPCLIENTSERVICE.EXE-E52D1456.pf
[2025-12-08 09:34:03] [Info] Supprimé: C:\WINDOWS\Prefetch\ADPCLIENTSERVICE.EXE-E52D1456.pf
[2025-12-08 09:34:03] [Info] (dry-run) Suppression planifiée: C:\WINDOWS\Prefetch\ELEVATION_SERVICE.EXE-A92A935C.pf
[2025-12-08 09:34:03] [Info] Supprimé: C:\WINDOWS\Prefetch\ELEVATION_SERVICE.EXE-A92A935C.pf
[2025-12-08 09:34:03] [Info] (dry-run) Suppression planifiée: C:\Users\c.lecomte\AppData\Local\Temp\accc227962
[2025-12-08 09:34:03] [Info] Supprimé: C:\Users\c.lecomte\AppData\Local\Temp\accc227962
[2025-12-08 09:34:03] [Info] (dry-run) Suppression planifiée: C:\Users\c.lecomte\AppData\Local\Temp\8a3005b2-93c9-4f2a-9cb0-fd09b1ed177b.tmp
[2025-12-08 09:34:03] [Info] Supprimé: C:\Users\c.lecomte\AppData\Local\Temp\8a3005b2-93c9-4f2a-9cb0-fd09b1ed177b.tmp
[2025-12-08 09:34:03] [Info] (dry-run) Suppression planifiée: C:\WINDOWS\Prefetch\SMARTSCREEN.EXE-EACC1250.pf
[2025-12-08 09:34:03] [Info] Supprimé: C:\WINDOWS\Prefetch\SMARTSCREEN.EXE-EACC1250.pf
[2025-12-08 09:34:03] [Info] (dry-run) Suppression planifiée du dossier: C:\Users\c.lecomte\AppData\Local\Temp\PSES-2916
[2025-12-08 09:34:03] [Info] Supprimé dossier: C:\Users\c.lecomte\AppData\Local\Temp\PSES-2916
[2025-12-08 09:34:03] [Info] (dry-run) Suppression planifiée: C:\Users\c.lecomte\AppData\Local\Temp\accc227962
[2025-12-08 09:34:03] [Info] Supprimé: C:\Users\c.lecomte\AppData\Local\Temp\accc227962
[2025-12-08 09:34:03] [Info] (dry-run) Suppression planifiée: C:\WINDOWS\Prefetch\MSEDGEWEBVIEW2.EXE-8720012F.pf
[2025-12-08 09:34:03] [Info] Supprimé: C:\WINDOWS\Prefetch\MSEDGEWEBVIEW2.EXE-8720012F.pf
[2025-12-08 09:34:03] [Info] (dry-run) Suppression planifiée: C:\Users\c.lecomte\AppData\Local\Temp\adsk_odis_sdk.lock
[2025-12-08 09:34:03] [Info] Supprimé: C:\Users\c.lecomte\AppData\Local\Temp\adsk_odis_sdk.lock
[2025-12-08 09:34:03] [Info] Supprimé dossier: C:\Users\c.lecomte\AppData\Local\Temp\pyright-22868-QlqUUtTrFmaW
[2025-12-08 09:34:03] [Info] (dry-run) Suppression planifiée: C:\Users\c.lecomte\AppData\Local\Temp\9255361f-d189-4527-8a2b-beaeba418f3f.tmp
[2025-12-08 09:34:03] [Info] Supprimé: C:\Users\c.lecomte\AppData\Local\Temp\9255361f-d189-4527-8a2b-beaeba418f3f.tmp
[2025-12-08 09:34:03] [Info] (dry-run) Suppression planifiée: C:\WINDOWS\Prefetch\SVCHOST.EXE-2F9E5F3D.pf
[2025-12-08 09:34:03] [Info] Supprimé: C:\WINDOWS\Prefetch\SVCHOST.EXE-2F9E5F3D.pf
[2025-12-08 09:34:03] [Info] (dry-run) Suppression planifiée du dossier: C:\Users\c.lecomte\AppData\Local\Temp\pyright-22868-QlqUUtTrFmaW
[2025-12-08 09:34:03] [Info] Supprimé dossier: C:\Users\c.lecomte\AppData\Local\Temp\pyright-22868-QlqUUtTrFmaW
[2025-12-08 09:34:03] [Info] (dry-run) Suppression planifiée: C:\Users\c.lecomte\AppData\Local\Temp\accc228962
[2025-12-08 09:34:03] [Info] Supprimé: C:\Users\c.lecomte\AppData\Local\Temp\accc228962
[2025-12-08 09:34:03] [Info] (dry-run) Suppression planifiée: C:\WINDOWS\Prefetch\MSEDGEWEBVIEW2.EXE-87200130.pf
[2025-12-08 09:34:03] [Info] Supprimé: C:\WINDOWS\Prefetch\MSEDGEWEBVIEW2.EXE-87200130.pf
[2025-12-08 09:34:03] [Info] (dry-run) Suppression planifiée: C:\Users\c.lecomte\AppData\Local\Temp\atmp2e791958
[2025-12-08 09:34:03] [Info] Supprimé: C:\Users\c.lecomte\AppData\Local\Temp\atmp2e791958
[2025-12-08 09:34:03] [Info] (dry-run) Suppression planifiée du dossier: C:\Users\c.lecomte\AppData\Local\Temp\python-languageserver-cancellation
[2025-12-08 09:34:03] [Info] Supprimé dossier: C:\Users\c.lecomte\AppData\Local\Temp\python-languageserver-cancellation
[2025-12-08 09:34:03] [Info] (dry-run) Suppression planifiée: C:\Users\c.lecomte\AppData\Local\Temp\atmp2e791958.scr
[2025-12-08 09:34:03] [Info] Supprimé: C:\Users\c.lecomte\AppData\Local\Temp\atmp2e791958.scr
[2025-12-08 09:34:03] [Info] (dry-run) Suppression planifiée: C:\WINDOWS\Prefetch\ADSKLICENSINGINSTHELPER.EXE-F2A1D799.pf
[2025-12-08 09:34:03] [Info] Supprimé: C:\WINDOWS\Prefetch\ADSKLICENSINGINSTHELPER.EXE-F2A1D799.pf
[2025-12-08 09:34:03] [Info] (dry-run) Suppression planifiée: C:\WINDOWS\Prefetch\ESCAPE-NODE-JOB.EXE-5785E8B3.pf
[2025-12-08 09:34:03] [Info] Supprimé: C:\WINDOWS\Prefetch\ESCAPE-NODE-JOB.EXE-5785E8B3.pf
[2025-12-08 09:34:03] [Info] (dry-run) Suppression planifiée: C:\Users\c.lecomte\AppData\Local\Temp\accc228962
[2025-12-08 09:34:03] [Info] Supprimé: C:\Users\c.lecomte\AppData\Local\Temp\accc228962
[2025-12-08 09:34:03] [Info] (dry-run) Suppression planifiée: C:\Users\c.lecomte\AppData\Local\Temp\9255361f-d189-4527-8a2b-beaeba418f3f.tmp
[2025-12-08 09:34:03] [Info] Supprimé: C:\Users\c.lecomte\AppData\Local\Temp\9255361f-d189-4527-8a2b-beaeba418f3f.tmp
[2025-12-08 09:34:03] [Info] (dry-run) Suppression planifiée: C:\Users\c.lecomte\AppData\Local\Temp\9838805d-2356-4d65-89e3-fdec10ce759e.tmp
[2025-12-08 09:34:03] [Info] Supprimé: C:\Users\c.lecomte\AppData\Local\Temp\9838805d-2356-4d65-89e3-fdec10ce759e.tmp
[2025-12-08 09:34:03] [Info] (dry-run) Suppression planifiée du dossier: C:\Users\c.lecomte\AppData\Local\Temp\brismvoh.fob
[2025-12-08 09:34:03] [Info] Supprimé dossier: C:\Users\c.lecomte\AppData\Local\Temp\brismvoh.fob
[2025-12-08 09:34:03] [Info] (dry-run) Suppression planifiée: C:\WINDOWS\Prefetch\AUDIODG.EXE-AB22E9A6.pf
[2025-12-08 09:34:03] [Info] Supprimé: C:\WINDOWS\Prefetch\AUDIODG.EXE-AB22E9A6.pf
[2025-12-08 09:34:03] [Info] (dry-run) Suppression planifiée: C:\WINDOWS\Prefetch\FILECOAUTH.EXE-8B67D318.pf
[2025-12-08 09:34:03] [Info] Supprimé: C:\WINDOWS\Prefetch\FILECOAUTH.EXE-8B67D318.pf
[2025-12-08 09:34:03] [Info] (dry-run) Suppression planifiée: C:\Users\c.lecomte\AppData\Local\Temp\accc232602
[2025-12-08 09:34:03] [Info] Supprimé: C:\Users\c.lecomte\AppData\Local\Temp\accc232602
[2025-12-08 09:34:03] [Info] (dry-run) Suppression planifiée: C:\Users\c.lecomte\AppData\Local\Temp\atmp2e791958.scr
[2025-12-08 09:34:03] [Info] Supprimé: C:\Users\c.lecomte\AppData\Local\Temp\atmp2e791958.scr
[2025-12-08 09:34:03] [Info] (dry-run) Suppression planifiée: C:\WINDOWS\Prefetch\SVCHOST.EXE-6867B1E5.pf
[2025-12-08 09:34:03] [Info] Supprimé: C:\WINDOWS\Prefetch\SVCHOST.EXE-6867B1E5.pf
[2025-12-08 09:34:03] [Info] (dry-run) Suppression planifiée du dossier: C:\Users\c.lecomte\AppData\Local\Temp\python-languageserver-cancellation
[2025-12-08 09:34:03] [Info] Supprimé dossier: C:\Users\c.lecomte\AppData\Local\Temp\python-languageserver-cancellation
[2025-12-08 09:34:03] [Info] (dry-run) Suppression planifiée du dossier: C:\Users\c.lecomte\AppData\Local\Temp\chrome_drag11716_1926327270
[2025-12-08 09:34:03] [Info] Supprimé dossier: C:\Users\c.lecomte\AppData\Local\Temp\chrome_drag11716_1926327270
[2025-12-08 09:34:03] [Info] (dry-run) Suppression planifiée: C:\WINDOWS\Prefetch\MSEDGEWEBVIEW2.EXE-87200132.pf
[2025-12-08 09:34:03] [Info] Supprimé: C:\WINDOWS\Prefetch\MSEDGEWEBVIEW2.EXE-87200132.pf
[2025-12-08 09:34:03] [Info] (dry-run) Suppression planifiée du dossier: C:\Users\c.lecomte\AppData\Local\Temp\Roslyn
[2025-12-08 09:34:03] [Info] Supprimé dossier: C:\Users\c.lecomte\AppData\Local\Temp\Roslyn
[2025-12-08 09:34:03] [Info] (dry-run) Suppression planifiée: C:\Users\c.lecomte\AppData\Local\Temp\9838805d-2356-4d65-89e3-fdec10ce759e.tmp
[2025-12-08 09:34:03] [Info] Supprimé: C:\Users\c.lecomte\AppData\Local\Temp\9838805d-2356-4d65-89e3-fdec10ce759e.tmp
[2025-12-08 09:34:03] [Info] (dry-run) Suppression planifiée: C:\Users\c.lecomte\AppData\Local\Temp\accc113122
[2025-12-08 09:34:03] [Info] Supprimé: C:\Users\c.lecomte\AppData\Local\Temp\accc113122
[2025-12-08 09:34:03] [Info] (dry-run) Suppression planifiée: C:\Users\c.lecomte\AppData\Local\Temp\accc232602
[2025-12-08 09:34:03] [Info] (dry-run) Suppression planifiée: C:\WINDOWS\Prefetch\BACKGROUNDTASKHOST.EXE-CAD1DF16.pf
[2025-12-08 09:34:03] [Info] Supprimé: C:\WINDOWS\Prefetch\BACKGROUNDTASKHOST.EXE-CAD1DF16.pf
[2025-12-08 09:34:03] [Info] (dry-run) Suppression planifiée du dossier: C:\Users\c.lecomte\AppData\Local\Temp\chrome_drag11716_376330027
[2025-12-08 09:34:03] [Info] Supprimé dossier: C:\Users\c.lecomte\AppData\Local\Temp\chrome_drag11716_376330027
[2025-12-08 09:34:03] [Info] (dry-run) Suppression planifiée: C:\Users\c.lecomte\AppData\Local\Temp\accc233962
[2025-12-08 09:34:03] [Info] Supprimé: C:\Users\c.lecomte\AppData\Local\Temp\accc233962
[2025-12-08 09:34:03] [Info] (dry-run) Suppression planifiée du dossier: C:\Users\c.lecomte\AppData\Local\Temp\brismvoh.fob
[2025-12-08 09:34:03] [Info] Supprimé dossier: C:\Users\c.lecomte\AppData\Local\Temp\brismvoh.fob
[2025-12-08 09:34:03] [Info] (dry-run) Suppression planifiée: C:\WINDOWS\Prefetch\SVCHOST.EXE-852EC587.pf
[2025-12-08 09:34:03] [Info] Supprimé: C:\WINDOWS\Prefetch\SVCHOST.EXE-852EC587.pf
[2025-12-08 09:34:03] [Info] Supprimé: C:\Users\c.lecomte\AppData\Local\Temp\accc232602
[2025-12-08 09:34:03] [Info] (dry-run) Suppression planifiée: C:\WINDOWS\Prefetch\FILEOPENPIBROKER.EXE-7F34423F.pf
[2025-12-08 09:34:03] [Info] Supprimé: C:\WINDOWS\Prefetch\FILEOPENPIBROKER.EXE-7F34423F.pf
[2025-12-08 09:34:03] [Info] (dry-run) Suppression planifiée: C:\WINDOWS\Prefetch\MSEDGEWEBVIEW2.EXE-87200139.pf
[2025-12-08 09:34:03] [Info] Supprimé: C:\WINDOWS\Prefetch\MSEDGEWEBVIEW2.EXE-87200139.pf
[2025-12-08 09:34:03] [Info] (dry-run) Suppression planifiée du dossier: C:\Users\c.lecomte\AppData\Local\Temp\Roslyn
[2025-12-08 09:34:03] [Info] Supprimé dossier: C:\Users\c.lecomte\AppData\Local\Temp\Roslyn
[2025-12-08 09:34:03] [Info] (dry-run) Suppression planifiée: C:\Users\c.lecomte\AppData\Local\Temp\accc247362
[2025-12-08 09:34:03] [Info] Supprimé: C:\Users\c.lecomte\AppData\Local\Temp\accc247362
[2025-12-08 09:34:03] [Info] (dry-run) Suppression planifiée du dossier: C:\Users\c.lecomte\AppData\Local\Temp\chrome_drag11716_1926327270
[2025-12-08 09:34:03] [Info] Supprimé dossier: C:\Users\c.lecomte\AppData\Local\Temp\chrome_drag11716_1926327270
[2025-12-08 09:34:03] [Info] (dry-run) Suppression planifiée: C:\WINDOWS\Prefetch\SVCHOST.EXE-9D041ABC.pf
[2025-12-08 09:34:03] [Info] Supprimé: C:\WINDOWS\Prefetch\SVCHOST.EXE-9D041ABC.pf
[2025-12-08 09:34:03] [Info] (dry-run) Suppression planifiée: C:\WINDOWS\Prefetch\CALCULATRICEMARGEWPF.EXE-C84A5AD9.pf
[2025-12-08 09:34:03] [Info] Supprimé: C:\WINDOWS\Prefetch\CALCULATRICEMARGEWPF.EXE-C84A5AD9.pf
[2025-12-08 09:34:03] [Info] (dry-run) Suppression planifiée du dossier: C:\Users\c.lecomte\AppData\Local\Temp\chrome_drag11716_484889934
[2025-12-08 09:34:03] [Info] Supprimé dossier: C:\Users\c.lecomte\AppData\Local\Temp\chrome_drag11716_484889934
[2025-12-08 09:34:03] [Info] (dry-run) Suppression planifiée du dossier: C:\Users\c.lecomte\AppData\Local\Temp\servicehub
[2025-12-08 09:34:03] [Info] Supprimé dossier: C:\Users\c.lecomte\AppData\Local\Temp\servicehub
[2025-12-08 09:34:03] [Info] (dry-run) Suppression planifiée: C:\Users\c.lecomte\AppData\Local\Temp\accc4122
[2025-12-08 09:34:03] [Info] Supprimé: C:\Users\c.lecomte\AppData\Local\Temp\accc4122
[2025-12-08 09:34:03] [Info] (dry-run) Suppression planifiée du dossier: C:\Users\c.lecomte\AppData\Local\Temp\chrome_drag11716_376330027
[2025-12-08 09:34:03] [Info] Supprimé dossier: C:\Users\c.lecomte\AppData\Local\Temp\chrome_drag11716_376330027
[2025-12-08 09:34:03] [Info] (dry-run) Suppression planifiée: C:\WINDOWS\Prefetch\SVCHOST.EXE-C625B657.pf
[2025-12-08 09:34:03] [Info] Supprimé: C:\WINDOWS\Prefetch\SVCHOST.EXE-C625B657.pf
[2025-12-08 09:34:03] [Info] (dry-run) Suppression planifiée: C:\WINDOWS\Prefetch\CMD.EXE-0BD30981.pf
[2025-12-08 09:34:03] [Info] Supprimé: C:\WINDOWS\Prefetch\CMD.EXE-0BD30981.pf
[2025-12-08 09:34:03] [Info] (dry-run) Suppression planifiée: C:\WINDOWS\Prefetch\MSEDGEWEBVIEW2.EXE-8720013B.pf
[2025-12-08 09:34:03] [Info] Supprimé: C:\WINDOWS\Prefetch\MSEDGEWEBVIEW2.EXE-8720013B.pf
[2025-12-08 09:34:03] [Info] (dry-run) Suppression planifiée: C:\Users\c.lecomte\AppData\Local\Temp\accc113122
[2025-12-08 09:34:03] [Info] Supprimé: C:\Users\c.lecomte\AppData\Local\Temp\accc113122
[2025-12-08 09:34:03] [Info] (dry-run) Suppression planifiée du dossier: C:\Users\c.lecomte\AppData\Local\Temp\SmartScreen
[2025-12-08 09:34:03] [Info] Supprimé dossier: C:\Users\c.lecomte\AppData\Local\Temp\SmartScreen
[2025-12-08 09:34:03] [Info] (dry-run) Suppression planifiée: C:\Users\c.lecomte\AppData\Local\Temp\accc233962
[2025-12-08 09:34:03] [Info] Supprimé: C:\Users\c.lecomte\AppData\Local\Temp\accc233962
[2025-12-08 09:34:03] [Info] (dry-run) Suppression planifiée: C:\WINDOWS\Prefetch\GIT-CREDENTIAL-MANAGER.EXE-017B887C.pf
[2025-12-08 09:34:03] [Info] Supprimé: C:\WINDOWS\Prefetch\GIT-CREDENTIAL-MANAGER.EXE-017B887C.pf
[2025-12-08 09:34:03] [Info] (dry-run) Suppression planifiée du dossier: C:\Users\c.lecomte\AppData\Local\Temp\servicehub
[2025-12-08 09:34:03] [Info] Supprimé dossier: C:\Users\c.lecomte\AppData\Local\Temp\servicehub
[2025-12-08 09:34:03] [Info] (dry-run) Suppression planifiée du dossier: C:\Users\c.lecomte\AppData\Local\Temp\chrome_drag11716_88620734
[2025-12-08 09:34:03] [Info] Supprimé dossier: C:\Users\c.lecomte\AppData\Local\Temp\chrome_drag11716_88620734
[2025-12-08 09:34:03] [Info] (dry-run) Suppression planifiée: C:\Users\c.lecomte\AppData\Local\Temp\accc113442
[2025-12-08 09:34:03] [Info] Supprimé: C:\Users\c.lecomte\AppData\Local\Temp\accc113442
[2025-12-08 09:34:03] [Info] (dry-run) Suppression planifiée: C:\Users\c.lecomte\AppData\Local\Temp\accc41482
[2025-12-08 09:34:03] [Info] Supprimé: C:\Users\c.lecomte\AppData\Local\Temp\accc41482
[2025-12-08 09:34:03] [Info] (dry-run) Suppression planifiée: C:\Users\c.lecomte\AppData\Local\Temp\accc247362
[2025-12-08 09:34:03] [Info] Supprimé: C:\Users\c.lecomte\AppData\Local\Temp\accc247362
[2025-12-08 09:34:03] [Info] (dry-run) Suppression planifiée: C:\WINDOWS\Prefetch\UPDATER.EXE-DF42943C.pf
[2025-12-08 09:34:03] [Info] Supprimé: C:\WINDOWS\Prefetch\UPDATER.EXE-DF42943C.pf
[2025-12-08 09:34:03] [Info] (dry-run) Suppression planifiée: C:\WINDOWS\Prefetch\CODE.EXE-DDEE28F6.pf
[2025-12-08 09:34:03] [Info] Supprimé: C:\WINDOWS\Prefetch\CODE.EXE-DDEE28F6.pf
[2025-12-08 09:34:03] [Info] (dry-run) Suppression planifiée: C:\WINDOWS\Prefetch\MSEDGEWEBVIEW2.EXE-8720013C.pf
[2025-12-08 09:34:03] [Info] Supprimé: C:\WINDOWS\Prefetch\MSEDGEWEBVIEW2.EXE-8720013C.pf
[2025-12-08 09:34:03] [Info] (dry-run) Suppression planifiée: C:\Users\c.lecomte\AppData\Local\Temp\accc113442
[2025-12-08 09:34:03] [Info] Supprimé: C:\Users\c.lecomte\AppData\Local\Temp\accc113442
[2025-12-08 09:34:03] [Info] (dry-run) Suppression planifiée du dossier: C:\Users\c.lecomte\AppData\Local\Temp\chrome_drag11716_484889934
[2025-12-08 09:34:03] [Info] Supprimé dossier: C:\Users\c.lecomte\AppData\Local\Temp\chrome_drag11716_484889934
[2025-12-08 09:34:03] [Info] (dry-run) Suppression planifiée du dossier: C:\Users\c.lecomte\AppData\Local\Temp\SymbolCache
[2025-12-08 09:34:03] [Info] Supprimé dossier: C:\Users\c.lecomte\AppData\Local\Temp\SymbolCache
[2025-12-08 09:34:03] [Info] (dry-run) Suppression planifiée: C:\WINDOWS\Prefetch\GIT-REMOTE-HTTPS.EXE-C1AFB266.pf
[2025-12-08 09:34:03] [Info] Supprimé: C:\WINDOWS\Prefetch\GIT-REMOTE-HTTPS.EXE-C1AFB266.pf
[2025-12-08 09:34:03] [Info] (dry-run) Suppression planifiée du dossier: C:\Users\c.lecomte\AppData\Local\Temp\SmartScreen
[2025-12-08 09:34:03] [Info] Supprimé dossier: C:\Users\c.lecomte\AppData\Local\Temp\SmartScreen
[2025-12-08 09:34:03] [Info] (dry-run) Suppression planifiée: C:\Users\c.lecomte\AppData\Local\Temp\CitrixAutoUpdate.log
[2025-12-08 09:34:03] [Info] Supprimé: C:\Users\c.lecomte\AppData\Local\Temp\CitrixAutoUpdate.log
[2025-12-08 09:34:03] [Info] (dry-run) Suppression planifiée: C:\Users\c.lecomte\AppData\Local\Temp\accc118042
[2025-12-08 09:34:03] [Info] Supprimé: C:\Users\c.lecomte\AppData\Local\Temp\accc118042
[2025-12-08 09:34:03] [Info] (dry-run) Suppression planifiée: C:\Users\c.lecomte\AppData\Local\Temp\accc49202
[2025-12-08 09:34:03] [Info] Supprimé: C:\Users\c.lecomte\AppData\Local\Temp\accc49202
[2025-12-08 09:34:03] [Info] (dry-run) Suppression planifiée: C:\Users\c.lecomte\AppData\Local\Temp\accc4122
[2025-12-08 09:34:03] [Info] Supprimé: C:\Users\c.lecomte\AppData\Local\Temp\accc4122
[2025-12-08 09:34:03] [Info] (dry-run) Suppression planifiée du dossier: C:\Users\c.lecomte\AppData\Local\Temp\system-commandline-sentinel-files
[2025-12-08 09:34:03] [Info] Supprimé dossier: C:\Users\c.lecomte\AppData\Local\Temp\system-commandline-sentinel-files
[2025-12-08 09:34:03] [Info] (dry-run) Suppression planifiée: C:\WINDOWS\Prefetch\CODE.EXE-DDEE28F7.pf
[2025-12-08 09:34:03] [Info] Supprimé: C:\WINDOWS\Prefetch\CODE.EXE-DDEE28F7.pf
[2025-12-08 09:34:03] [Info] (dry-run) Suppression planifiée du dossier: C:\Users\c.lecomte\AppData\Local\Temp\collab_low
[2025-12-08 09:34:03] [Info] Supprimé dossier: C:\Users\c.lecomte\AppData\Local\Temp\collab_low
[2025-12-08 09:34:03] [Info] (dry-run) Suppression planifiée: C:\Users\c.lecomte\AppData\Local\Temp\accc118042
[2025-12-08 09:34:03] [Info] Supprimé: C:\Users\c.lecomte\AppData\Local\Temp\accc118042
[2025-12-08 09:34:03] [Info] (dry-run) Suppression planifiée du dossier: C:\Users\c.lecomte\AppData\Local\Temp\chrome_drag11716_88620734
[2025-12-08 09:34:03] [Info] Supprimé dossier: C:\Users\c.lecomte\AppData\Local\Temp\chrome_drag11716_88620734
[2025-12-08 09:34:03] [Info] (dry-run) Suppression planifiée: C:\WINDOWS\Prefetch\UPI.EXE-32C4C75A.pf
[2025-12-08 09:34:03] [Info] Supprimé: C:\WINDOWS\Prefetch\UPI.EXE-32C4C75A.pf
[2025-12-08 09:34:03] [Info] (dry-run) Suppression planifiée: C:\WINDOWS\Prefetch\GIT.EXE-49C87D8C.pf
[2025-12-08 09:34:03] [Info] Supprimé: C:\WINDOWS\Prefetch\GIT.EXE-49C87D8C.pf
[2025-12-08 09:34:03] [Info] (dry-run) Suppression planifiée: C:\WINDOWS\Prefetch\MSEDGEWEBVIEW2.EXE-8720013E.pf
[2025-12-08 09:34:03] [Info] Supprimé: C:\WINDOWS\Prefetch\MSEDGEWEBVIEW2.EXE-8720013E.pf
[2025-12-08 09:34:03] [Info] (dry-run) Suppression planifiée du dossier: C:\Users\c.lecomte\AppData\Local\Temp\SymbolCache
[2025-12-08 09:34:03] [Info] Supprimé dossier: C:\Users\c.lecomte\AppData\Local\Temp\SymbolCache
[2025-12-08 09:34:03] [Info] (dry-run) Suppression planifiée du dossier: C:\Users\c.lecomte\AppData\Local\Temp\csdevkit
[2025-12-08 09:34:03] [Info] Supprimé dossier: C:\Users\c.lecomte\AppData\Local\Temp\csdevkit
[2025-12-08 09:34:03] [Info] (dry-run) Suppression planifiée: C:\Users\c.lecomte\AppData\Local\Temp\accc51002
[2025-12-08 09:34:03] [Info] Supprimé: C:\Users\c.lecomte\AppData\Local\Temp\accc51002
[2025-12-08 09:34:03] [Info] (dry-run) Suppression planifiée: C:\Users\c.lecomte\AppData\Local\Temp\accc41482
[2025-12-08 09:34:03] [Info] Supprimé: C:\Users\c.lecomte\AppData\Local\Temp\accc41482
[2025-12-08 09:34:03] [Info] (dry-run) Suppression planifiée du dossier: C:\Users\c.lecomte\AppData\Local\Temp\TempXRefImageFiles
[2025-12-08 09:34:03] [Info] Supprimé dossier: C:\Users\c.lecomte\AppData\Local\Temp\TempXRefImageFiles
[2025-12-08 09:34:03] [Info] (dry-run) Suppression planifiée: C:\WINDOWS\Prefetch\CODE.EXE-DDEE28F8.pf
[2025-12-08 09:34:03] [Info] Supprimé: C:\WINDOWS\Prefetch\CODE.EXE-DDEE28F8.pf
[2025-12-08 09:34:03] [Info] (dry-run) Suppression planifiée: C:\Users\c.lecomte\AppData\Local\Temp\accc135882
[2025-12-08 09:34:03] [Info] Supprimé: C:\Users\c.lecomte\AppData\Local\Temp\accc135882
[2025-12-08 09:34:03] [Info] (dry-run) Suppression planifiée: C:\Users\c.lecomte\AppData\Local\Temp\accc135882
[2025-12-08 09:34:03] [Info] Supprimé: C:\Users\c.lecomte\AppData\Local\Temp\accc135882
[2025-12-08 09:34:03] [Info] (dry-run) Suppression planifiée: C:\Users\c.lecomte\AppData\Local\Temp\CitrixAutoUpdate.log
[2025-12-08 09:34:03] [Info] Supprimé: C:\Users\c.lecomte\AppData\Local\Temp\CitrixAutoUpdate.log
[2025-12-08 09:34:03] [Info] (dry-run) Suppression planifiée: C:\WINDOWS\Prefetch\VBCSCOMPILER.EXE-7E310CBB.pf
[2025-12-08 09:34:03] [Info] (dry-run) Suppression planifiée: C:\Users\c.lecomte\AppData\Local\Temp\accc49202
[2025-12-08 09:34:03] [Info] Supprimé: C:\Users\c.lecomte\AppData\Local\Temp\accc49202
[2025-12-08 09:34:03] [Info] (dry-run) Suppression planifiée: C:\WINDOWS\Prefetch\NETSH.EXE-A596235F.pf
[2025-12-08 09:34:03] [Info] Supprimé: C:\WINDOWS\Prefetch\NETSH.EXE-A596235F.pf
[2025-12-08 09:34:03] [Info] (dry-run) Suppression planifiée: C:\WINDOWS\Prefetch\CODE.EXE-DDEE28FA.pf
[2025-12-08 09:34:03] [Info] Supprimé: C:\WINDOWS\Prefetch\CODE.EXE-DDEE28FA.pf
[2025-12-08 09:34:03] [Info] (dry-run) Suppression planifiée: C:\Users\c.lecomte\AppData\Local\Temp\accc148922
[2025-12-08 09:34:03] [Info] Supprimé: C:\Users\c.lecomte\AppData\Local\Temp\accc148922
[2025-12-08 09:34:03] [Info] (dry-run) Suppression planifiée: C:\Users\c.lecomte\AppData\Local\Temp\accc148922
[2025-12-08 09:34:03] [Info] Supprimé: C:\Users\c.lecomte\AppData\Local\Temp\accc148922
[2025-12-08 09:34:03] [Info] (dry-run) Suppression planifiée du dossier: C:\Users\c.lecomte\AppData\Local\Temp\collab_low
[2025-12-08 09:34:03] [Info] Supprimé dossier: C:\Users\c.lecomte\AppData\Local\Temp\collab_low
[2025-12-08 09:34:03] [Info] (dry-run) Suppression planifiée: C:\WINDOWS\Prefetch\GIT.EXE-52A8D03B.pf
[2025-12-08 09:34:03] [Info] Supprimé: C:\WINDOWS\Prefetch\GIT.EXE-52A8D03B.pf
[2025-12-08 09:34:03] [Info] (dry-run) Suppression planifiée du dossier: C:\Users\c.lecomte\AppData\Local\Temp\VBCSCompiler
[2025-12-08 09:34:03] [Info] Supprimé dossier: C:\Users\c.lecomte\AppData\Local\Temp\VBCSCompiler
[2025-12-08 09:34:03] [Info] (dry-run) Suppression planifiée du dossier: C:\Users\c.lecomte\AppData\Local\Temp\system-commandline-sentinel-files
[2025-12-08 09:34:03] [Info] Supprimé dossier: C:\Users\c.lecomte\AppData\Local\Temp\system-commandline-sentinel-files
[2025-12-08 09:34:03] [Info] (dry-run) Suppression planifiée: C:\Users\c.lecomte\AppData\Local\Temp\cv_debug.log
[2025-12-08 09:34:03] [Info] Supprimé: C:\Users\c.lecomte\AppData\Local\Temp\cv_debug.log
[2025-12-08 09:34:03] [Info] (dry-run) Suppression planifiée: C:\Users\c.lecomte\AppData\Local\Temp\accc59762
[2025-12-08 09:34:03] [Info] Supprimé: C:\Users\c.lecomte\AppData\Local\Temp\accc59762
[2025-12-08 09:34:03] [Info] Supprimé: C:\WINDOWS\Prefetch\VBCSCOMPILER.EXE-7E310CBB.pf
[2025-12-08 09:34:03] [Info] (dry-run) Suppression planifiée du dossier: C:\Users\c.lecomte\AppData\Local\Temp\csdevkit
[2025-12-08 09:34:03] [Info] Supprimé dossier: C:\Users\c.lecomte\AppData\Local\Temp\csdevkit
[2025-12-08 09:34:03] [Info] (dry-run) Suppression planifiée: C:\WINDOWS\Prefetch\GIT.EXE-DA7EFDD1.pf
[2025-12-08 09:34:03] [Info] Supprimé: C:\WINDOWS\Prefetch\GIT.EXE-DA7EFDD1.pf
[2025-12-08 09:34:03] [Info] (dry-run) Suppression planifiée: C:\Users\c.lecomte\AppData\Local\Temp\VPNA806.tmp
[2025-12-08 09:34:03] [Info] Supprimé: C:\Users\c.lecomte\AppData\Local\Temp\VPNA806.tmp
[2025-12-08 09:34:03] [Info] (dry-run) Suppression planifiée du dossier: C:\Users\c.lecomte\AppData\Local\Temp\TempXRefImageFiles
[2025-12-08 09:34:03] [Info] Supprimé dossier: C:\Users\c.lecomte\AppData\Local\Temp\TempXRefImageFiles
[2025-12-08 09:34:03] [Info] (dry-run) Suppression planifiée du dossier: C:\Users\c.lecomte\AppData\Local\Temp\cz4ibo0s.ry0
[2025-12-08 09:34:03] [Info] Supprimé dossier: C:\Users\c.lecomte\AppData\Local\Temp\cz4ibo0s.ry0
[2025-12-08 09:34:03] [Info] (dry-run) Suppression planifiée: C:\Users\c.lecomte\AppData\Local\Temp\accc76722
[2025-12-08 09:34:03] [Info] Supprimé: C:\Users\c.lecomte\AppData\Local\Temp\accc76722
[2025-12-08 09:34:03] [Info] (dry-run) Suppression planifiée: C:\Users\c.lecomte\AppData\Local\Temp\accc51002
[2025-12-08 09:34:03] [Info] Supprimé: C:\Users\c.lecomte\AppData\Local\Temp\accc51002
[2025-12-08 09:34:03] [Info] (dry-run) Suppression planifiée: C:\WINDOWS\Prefetch\ONEDRIVE.EXE-B657FF91.pf
[2025-12-08 09:34:03] [Info] Supprimé: C:\WINDOWS\Prefetch\ONEDRIVE.EXE-B657FF91.pf
[2025-12-08 09:34:03] [Info] (dry-run) Suppression planifiée: C:\WINDOWS\Prefetch\CODE.EXE-DDEE2900.pf
[2025-12-08 09:34:03] [Info] Supprimé: C:\WINDOWS\Prefetch\CODE.EXE-DDEE2900.pf
[2025-12-08 09:34:03] [Info] (dry-run) Suppression planifiée: C:\Users\c.lecomte\AppData\Local\Temp\accc155442
[2025-12-08 09:34:03] [Info] Supprimé: C:\Users\c.lecomte\AppData\Local\Temp\accc155442
[2025-12-08 09:34:03] [Info] (dry-run) Suppression planifiée: C:\Users\c.lecomte\AppData\Local\Temp\accc155442
[2025-12-08 09:34:03] [Info] Supprimé: C:\Users\c.lecomte\AppData\Local\Temp\accc155442
[2025-12-08 09:34:03] [Info] (dry-run) Suppression planifiée du dossier: C:\Users\c.lecomte\AppData\Local\Temp\Diagnostics
[2025-12-08 09:34:03] [Info] Supprimé dossier: C:\Users\c.lecomte\AppData\Local\Temp\Diagnostics
[2025-12-08 09:34:03] [Info] (dry-run) Suppression planifiée: C:\Users\c.lecomte\AppData\Local\Temp\cv_debug.log
[2025-12-08 09:34:03] [Info] Supprimé: C:\Users\c.lecomte\AppData\Local\Temp\cv_debug.log
[2025-12-08 09:34:03] [Info] (dry-run) Suppression planifiée: C:\WINDOWS\Prefetch\IDENTITY_HELPER.EXE-A8A32CD3.pf
[2025-12-08 09:34:03] [Info] Supprimé: C:\WINDOWS\Prefetch\IDENTITY_HELPER.EXE-A8A32CD3.pf
[2025-12-08 09:34:03] [Info] (dry-run) Suppression planifiée: C:\Users\c.lecomte\AppData\Local\Temp\VPNA807.tmp
[2025-12-08 09:34:03] [Info] Supprimé: C:\Users\c.lecomte\AppData\Local\Temp\VPNA807.tmp
[2025-12-08 09:34:03] [Info] (dry-run) Suppression planifiée du dossier: C:\Users\c.lecomte\AppData\Local\Temp\VBCSCompiler
[2025-12-08 09:34:03] [Info] Supprimé dossier: C:\Users\c.lecomte\AppData\Local\Temp\VBCSCompiler
[2025-12-08 09:34:03] [Info] (dry-run) Suppression planifiée: C:\WINDOWS\Prefetch\WHERE.EXE-8DCB25CC.pf
[2025-12-08 09:34:03] [Info] Supprimé: C:\WINDOWS\Prefetch\WHERE.EXE-8DCB25CC.pf
[2025-12-08 09:34:03] [Info] (dry-run) Suppression planifiée: C:\Users\c.lecomte\AppData\Local\Temp\accc84322
[2025-12-08 09:34:03] [Info] Supprimé: C:\Users\c.lecomte\AppData\Local\Temp\accc84322
[2025-12-08 09:34:03] [Info] (dry-run) Suppression planifiée: C:\Users\c.lecomte\AppData\Local\Temp\accc59762
[2025-12-08 09:34:03] [Info] Supprimé: C:\Users\c.lecomte\AppData\Local\Temp\accc59762
[2025-12-08 09:34:03] [Info] (dry-run) Suppression planifiée: C:\WINDOWS\Prefetch\PET.EXE-CF3D2EAF.pf
[2025-12-08 09:34:03] [Info] Supprimé: C:\WINDOWS\Prefetch\PET.EXE-CF3D2EAF.pf
[2025-12-08 09:34:03] [Info] (dry-run) Suppression planifiée: C:\WINDOWS\Prefetch\CODE.EXE-DDEE2901.pf
[2025-12-08 09:34:03] [Info] Supprimé: C:\WINDOWS\Prefetch\CODE.EXE-DDEE2901.pf
[2025-12-08 09:34:03] [Info] (dry-run) Suppression planifiée: C:\Users\c.lecomte\AppData\Local\Temp\accc158602
[2025-12-08 09:34:03] [Info] Supprimé: C:\Users\c.lecomte\AppData\Local\Temp\accc158602
[2025-12-08 09:34:03] [Info] (dry-run) Suppression planifiée: C:\Users\c.lecomte\AppData\Local\Temp\accc158602
[2025-12-08 09:34:03] [Info] Supprimé: C:\Users\c.lecomte\AppData\Local\Temp\accc158602
[2025-12-08 09:34:03] [Info] (dry-run) Suppression planifiée du dossier: C:\Users\c.lecomte\AppData\Local\Temp\edge_BITS_23704_2049151061
[2025-12-08 09:34:03] [Info] Supprimé dossier: C:\Users\c.lecomte\AppData\Local\Temp\edge_BITS_23704_2049151061
[2025-12-08 09:34:03] [Info] (dry-run) Suppression planifiée du dossier: C:\Users\c.lecomte\AppData\Local\Temp\cz4ibo0s.ry0
[2025-12-08 09:34:03] [Info] Supprimé dossier: C:\Users\c.lecomte\AppData\Local\Temp\cz4ibo0s.ry0
[2025-12-08 09:34:03] [Info] (dry-run) Suppression planifiée: C:\WINDOWS\Prefetch\IPCONFIG.EXE-BFEC2AD0.pf
[2025-12-08 09:34:03] [Info] Supprimé: C:\WINDOWS\Prefetch\IPCONFIG.EXE-BFEC2AD0.pf
[2025-12-08 09:34:03] [Info] (dry-run) Suppression planifiée du dossier: C:\Users\c.lecomte\AppData\Local\Temp\vscode-typescript
[2025-12-08 09:34:03] [Info] Supprimé dossier: C:\Users\c.lecomte\AppData\Local\Temp\vscode-typescript
[2025-12-08 09:34:03] [Info] (dry-run) Suppression planifiée: C:\Users\c.lecomte\AppData\Local\Temp\VPNA806.tmp
[2025-12-08 09:34:03] [Info] Supprimé: C:\Users\c.lecomte\AppData\Local\Temp\VPNA806.tmp
[2025-12-08 09:34:03] [Info] (dry-run) Suppression planifiée: C:\WINDOWS\Prefetch\WHOAMI.EXE-67383F62.pf
[2025-12-08 09:34:03] [Info] Supprimé: C:\WINDOWS\Prefetch\WHOAMI.EXE-67383F62.pf
[2025-12-08 09:34:03] [Info] (dry-run) Suppression planifiée: C:\Users\c.lecomte\AppData\Local\Temp\accc85202
[2025-12-08 09:34:03] [Info] Supprimé: C:\Users\c.lecomte\AppData\Local\Temp\accc85202
[2025-12-08 09:34:03] [Info] (dry-run) Suppression planifiée: C:\Users\c.lecomte\AppData\Local\Temp\accc76722
[2025-12-08 09:34:03] [Info] Supprimé: C:\Users\c.lecomte\AppData\Local\Temp\accc76722
[2025-12-08 09:34:03] [Info] (dry-run) Suppression planifiée: C:\WINDOWS\Prefetch\MICROSOFT.CODEANALYSIS.LANGUA-5784AB97.pf
[2025-12-08 09:34:03] [Info] Supprimé: C:\WINDOWS\Prefetch\MICROSOFT.CODEANALYSIS.LANGUA-5784AB97.pf
[2025-12-08 09:34:03] [Info] (dry-run) Suppression planifiée: C:\WINDOWS\Prefetch\CODE.EXE-DDEE2904.pf
[2025-12-08 09:34:03] [Info] (dry-run) Suppression planifiée: C:\Users\c.lecomte\AppData\Local\Temp\wctB00F.tmp
[2025-12-08 09:34:03] [Info] Supprimé: C:\Users\c.lecomte\AppData\Local\Temp\wctB00F.tmp
[2025-12-08 09:34:03] [Info] (dry-run) Suppression planifiée: C:\Users\c.lecomte\AppData\Local\Temp\VPNA807.tmp
[2025-12-08 09:34:03] [Info] Supprimé: C:\Users\c.lecomte\AppData\Local\Temp\VPNA807.tmp
[2025-12-08 09:34:03] [Info] (dry-run) Suppression planifiée: C:\WINDOWS\Prefetch\WINDOWS-CLEANER.EXE-52C607B6.pf
[2025-12-08 09:34:03] [Info] (dry-run) Suppression planifiée du dossier: C:\Users\c.lecomte\AppData\Local\Temp\vscode-typescript
[2025-12-08 09:34:03] [Info] Supprimé dossier: C:\Users\c.lecomte\AppData\Local\Temp\vscode-typescript
[2025-12-08 09:34:03] [Info] (dry-run) Suppression planifiée: C:\Users\c.lecomte\AppData\Local\Temp\accc95882
[2025-12-08 09:34:03] [Info] Supprimé: C:\Users\c.lecomte\AppData\Local\Temp\accc95882
[2025-12-08 09:34:03] [Info] (dry-run) Suppression planifiée: C:\Users\c.lecomte\AppData\Local\Temp\accc84322
[2025-12-08 09:34:03] [Info] Supprimé: C:\Users\c.lecomte\AppData\Local\Temp\accc84322
[2025-12-08 09:34:03] [Info] (dry-run) Suppression planifiée: C:\WINDOWS\Prefetch\MICROSOFT.VISUALSTUDIO.CODE.S-A9350CBD.pf
[2025-12-08 09:34:03] [Info] Supprimé: C:\WINDOWS\Prefetch\MICROSOFT.VISUALSTUDIO.CODE.S-A9350CBD.pf
[2025-12-08 09:34:03] [Info] (dry-run) Suppression planifiée: C:\Users\c.lecomte\AppData\Local\Temp\accc160042
[2025-12-08 09:34:03] [Info] Supprimé: C:\Users\c.lecomte\AppData\Local\Temp\accc160042
[2025-12-08 09:34:03] [Info] (dry-run) Suppression planifiée: C:\Users\c.lecomte\AppData\Local\Temp\accc160042
[2025-12-08 09:34:03] [Info] Supprimé: C:\Users\c.lecomte\AppData\Local\Temp\accc160042
[2025-12-08 09:34:03] [Info] (dry-run) Suppression planifiée: C:\Users\c.lecomte\AppData\Local\Temp\ExchangePerflog_8484fa3191bd5edbcfcccd43.dat
[2025-12-08 09:34:03] [Info] Supprimé: C:\Users\c.lecomte\AppData\Local\Temp\ExchangePerflog_8484fa3191bd5edbcfcccd43.dat
[2025-12-08 09:34:03] [Info] (dry-run) Suppression planifiée: C:\WINDOWS\Prefetch\POWERSHELL.EXE-CA1AE517.pf
[2025-12-08 09:34:03] [Info] Supprimé: C:\WINDOWS\Prefetch\POWERSHELL.EXE-CA1AE517.pf
[2025-12-08 09:34:03] [Info] (dry-run) Suppression planifiée: C:\Users\c.lecomte\AppData\Local\Temp\accc85202
[2025-12-08 09:34:03] [Info] Supprimé: C:\Users\c.lecomte\AppData\Local\Temp\accc85202
[2025-12-08 09:34:03] [Info] (dry-run) Suppression planifiée: C:\WINDOWS\Prefetch\MICROSOFTEDGEUPDATE.EXE-7A595326.pf
[2025-12-08 09:34:03] [Info] Supprimé: C:\WINDOWS\Prefetch\MICROSOFTEDGEUPDATE.EXE-7A595326.pf
[2025-12-08 09:34:03] [Info] (dry-run) Suppression planifiée: C:\Users\c.lecomte\AppData\Local\Temp\accc161042
[2025-12-08 09:34:03] [Info] Supprimé: C:\Users\c.lecomte\AppData\Local\Temp\accc161042
[2025-12-08 09:34:03] [Info] (dry-run) Suppression planifiée: C:\Users\c.lecomte\AppData\Local\Temp\accc161042
[2025-12-08 09:34:03] [Info] Supprimé: C:\Users\c.lecomte\AppData\Local\Temp\accc161042
[2025-12-08 09:34:03] [Info] (dry-run) Suppression planifiée: C:\Users\c.lecomte\AppData\Local\Temp\f70c94d0-af8e-4bf7-b303-339ab9e11867.tmp
[2025-12-08 09:34:03] [Info] Supprimé: C:\Users\c.lecomte\AppData\Local\Temp\f70c94d0-af8e-4bf7-b303-339ab9e11867.tmp
[2025-12-08 09:34:03] [Info] (dry-run) Suppression planifiée: C:\WINDOWS\Prefetch\RDRCEF.EXE-D4FFF5DB.pf
[2025-12-08 09:34:03] [Info] Supprimé: C:\WINDOWS\Prefetch\RDRCEF.EXE-D4FFF5DB.pf
[2025-12-08 09:34:03] [Info] (dry-run) Suppression planifiée: C:\Users\c.lecomte\AppData\Local\Temp\accc95882
[2025-12-08 09:34:03] [Info] Supprimé: C:\Users\c.lecomte\AppData\Local\Temp\accc95882
[2025-12-08 09:34:03] [Info] (dry-run) Suppression planifiée: C:\WINDOWS\Prefetch\MS-TEAMSUPDATE.EXE-C26B839D.pf
[2025-12-08 09:34:03] [Info] Supprimé: C:\WINDOWS\Prefetch\MS-TEAMSUPDATE.EXE-C26B839D.pf
[2025-12-08 09:34:03] [Info] (dry-run) Suppression planifiée: C:\Users\c.lecomte\AppData\Local\Temp\accc166282
[2025-12-08 09:34:03] [Info] Supprimé: C:\Users\c.lecomte\AppData\Local\Temp\accc166282
[2025-12-08 09:34:03] [Info] (dry-run) Suppression planifiée: C:\Users\c.lecomte\AppData\Local\Temp\accc166282
[2025-12-08 09:34:03] [Info] Supprimé: C:\Users\c.lecomte\AppData\Local\Temp\accc166282
[2025-12-08 09:34:03] [Info] Supprimé: C:\WINDOWS\Prefetch\CODE.EXE-DDEE2904.pf
[2025-12-08 09:34:03] [Info] (dry-run) Suppression planifiée: C:\WINDOWS\Prefetch\RDRCEF.EXE-D4FFF5DC.pf
[2025-12-08 09:34:03] [Info] Supprimé: C:\WINDOWS\Prefetch\RDRCEF.EXE-D4FFF5DC.pf
[2025-12-08 09:34:03] [Info] Supprimé: C:\WINDOWS\Prefetch\WINDOWS-CLEANER.EXE-52C607B6.pf
[2025-12-08 09:34:03] [Info] (dry-run) Suppression planifiée: C:\WINDOWS\Prefetch\MSEDGE.EXE-37D25F9A.pf
[2025-12-08 09:34:03] [Info] Supprimé: C:\WINDOWS\Prefetch\MSEDGE.EXE-37D25F9A.pf
[2025-12-08 09:34:03] [Info] (dry-run) Suppression planifiée: C:\Users\c.lecomte\AppData\Local\Temp\accc168162
[2025-12-08 09:34:03] [Info] Supprimé: C:\Users\c.lecomte\AppData\Local\Temp\accc168162
[2025-12-08 09:34:03] [Info] (dry-run) Suppression planifiée: C:\Users\c.lecomte\AppData\Local\Temp\accc168162
[2025-12-08 09:34:03] [Info] Supprimé: C:\Users\c.lecomte\AppData\Local\Temp\accc168162
[2025-12-08 09:34:03] [Info] (dry-run) Suppression planifiée du dossier: C:\Users\c.lecomte\AppData\Local\Temp\WPF
[2025-12-08 09:34:03] [Info] Supprimé dossier: C:\Users\c.lecomte\AppData\Local\Temp\WPF
[2025-12-08 09:34:03] [Info] (dry-run) Suppression planifiée: C:\WINDOWS\Prefetch\WINDOWS-CLEANER.EXE-86DCC4BA.pf
[2025-12-08 09:34:03] [Info] Supprimé: C:\WINDOWS\Prefetch\WINDOWS-CLEANER.EXE-86DCC4BA.pf
[2025-12-08 09:34:03] [Info] (dry-run) Suppression planifiée: C:\WINDOWS\Prefetch\MSEDGE.EXE-37D25F9B.pf
[2025-12-08 09:34:03] [Info] Supprimé: C:\WINDOWS\Prefetch\MSEDGE.EXE-37D25F9B.pf
[2025-12-08 09:34:03] [Info] (dry-run) Suppression planifiée: C:\Users\c.lecomte\AppData\Local\Temp\accc177082
[2025-12-08 09:34:03] [Info] Supprimé: C:\Users\c.lecomte\AppData\Local\Temp\accc177082
[2025-12-08 09:34:03] [Info] (dry-run) Suppression planifiée: C:\Users\c.lecomte\AppData\Local\Temp\accc177082
[2025-12-08 09:34:03] [Info] Supprimé: C:\Users\c.lecomte\AppData\Local\Temp\accc177082
[2025-12-08 09:34:03] [Info] (dry-run) Suppression planifiée: C:\Users\c.lecomte\AppData\Local\Temp\wctB00F.tmp
[2025-12-08 09:34:03] [Info] Supprimé: C:\Users\c.lecomte\AppData\Local\Temp\wctB00F.tmp
[2025-12-08 09:34:03] [Info] (dry-run) Suppression planifiée: C:\WINDOWS\Prefetch\WMIAPSRV.EXE-FC8436DD.pf
[2025-12-08 09:34:03] [Info] Supprimé: C:\WINDOWS\Prefetch\WMIAPSRV.EXE-FC8436DD.pf
[2025-12-08 09:34:03] [Info] (dry-run) Suppression planifiée: C:\WINDOWS\Prefetch\MSEDGE.EXE-37D25F9C.pf
[2025-12-08 09:34:03] [Info] Supprimé: C:\WINDOWS\Prefetch\MSEDGE.EXE-37D25F9C.pf
[2025-12-08 09:34:03] [Info] (dry-run) Suppression planifiée: C:\WINDOWS\Prefetch\RDRCEF.EXE-D4FFF5DD.pf
[2025-12-08 09:34:03] [Info] Supprimé: C:\WINDOWS\Prefetch\RDRCEF.EXE-D4FFF5DD.pf
[2025-12-08 09:34:03] [Info] (dry-run) Suppression planifiée du dossier: C:\Users\c.lecomte\AppData\Local\Temp\WPF
[2025-12-08 09:34:03] [Info] Supprimé dossier: C:\Users\c.lecomte\AppData\Local\Temp\WPF
[2025-12-08 09:34:03] [Info] (dry-run) Suppression planifiée: C:\WINDOWS\Prefetch\WMIPRVSE.EXE-E8B8DD29.pf
[2025-12-08 09:34:03] [Info] Supprimé: C:\WINDOWS\Prefetch\WMIPRVSE.EXE-E8B8DD29.pf
[2025-12-08 09:34:03] [Info] (dry-run) Suppression planifiée du dossier: C:\Users\c.lecomte\AppData\Local\Temp\xc2h4xna.s45
[2025-12-08 09:34:03] [Info] Supprimé dossier: C:\Users\c.lecomte\AppData\Local\Temp\xc2h4xna.s45
[2025-12-08 09:34:03] [Info] (dry-run) Suppression planifiée du dossier: C:\Users\c.lecomte\AppData\Local\Temp\Diagnostics
[2025-12-08 09:34:03] [Info] Supprimé dossier: C:\Users\c.lecomte\AppData\Local\Temp\Diagnostics
[2025-12-08 09:34:03] [Info] (dry-run) Suppression planifiée: C:\WINDOWS\Prefetch\CONSENT.EXE-40419367.pf
[2025-12-08 09:34:03] [Info] Supprimé: C:\WINDOWS\Prefetch\CONSENT.EXE-40419367.pf
[2025-12-08 09:34:03] [Info] (dry-run) Suppression planifiée: C:\WINDOWS\Prefetch\RDRCEF.EXE-D4FFF5E3.pf
[2025-12-08 09:34:03] [Info] Supprimé: C:\WINDOWS\Prefetch\RDRCEF.EXE-D4FFF5E3.pf
[2025-12-08 09:34:03] [Info] (dry-run) Suppression planifiée du dossier: C:\Users\c.lecomte\AppData\Local\Temp\edge_BITS_23704_2049151061
[2025-12-08 09:34:03] [Info] Supprimé dossier: C:\Users\c.lecomte\AppData\Local\Temp\edge_BITS_23704_2049151061
[2025-12-08 09:34:03] [Info] (dry-run) Suppression planifiée: C:\WINDOWS\Prefetch\CTFMON.EXE-795F8130.pf
[2025-12-08 09:34:03] [Info] Supprimé: C:\WINDOWS\Prefetch\CTFMON.EXE-795F8130.pf
[2025-12-08 09:34:03] [Info] (dry-run) Suppression planifiée: C:\WINDOWS\Prefetch\REG.EXE-A93A1343.pf
[2025-12-08 09:34:03] [Info] (dry-run) Suppression planifiée: C:\WINDOWS\Prefetch\WSL.EXE-1B26B53B.pf
[2025-12-08 09:34:03] [Info] Supprimé: C:\WINDOWS\Prefetch\WSL.EXE-1B26B53B.pf
[2025-12-08 09:34:03] [Info] (dry-run) Suppression planifiée du dossier: C:\Users\c.lecomte\AppData\Local\Temp\xc2h4xna.s45
[2025-12-08 09:34:03] [Info] Supprimé dossier: C:\Users\c.lecomte\AppData\Local\Temp\xc2h4xna.s45
[2025-12-08 09:34:03] [Info] Supprimé: C:\WINDOWS\Prefetch\REG.EXE-A93A1343.pf
[2025-12-08 09:34:03] [Info] (dry-run) Suppression planifiée: C:\Users\c.lecomte\AppData\Local\Temp\ExchangePerflog_8484fa3191bd5edbcfcccd43.dat
[2025-12-08 09:34:03] [Info] Supprimé: C:\Users\c.lecomte\AppData\Local\Temp\ExchangePerflog_8484fa3191bd5edbcfcccd43.dat
[2025-12-08 09:34:03] [Info] (dry-run) Suppression planifiée: C:\WINDOWS\Prefetch\DAS.LOCAL.EXE-E3EB4217.pf
[2025-12-08 09:34:03] [Info] Supprimé: C:\WINDOWS\Prefetch\DAS.LOCAL.EXE-E3EB4217.pf
[2025-12-08 09:34:03] [Info] (dry-run) Suppression planifiée: C:\Users\c.lecomte\AppData\Local\Temp\f70c94d0-af8e-4bf7-b303-339ab9e11867.tmp
[2025-12-08 09:34:03] [Info] Supprimé: C:\Users\c.lecomte\AppData\Local\Temp\f70c94d0-af8e-4bf7-b303-339ab9e11867.tmp
[2025-12-08 09:34:03] [Info] (dry-run) Suppression planifiée: C:\WINDOWS\Prefetch\DLLHOST.EXE-4419005E.pf
[2025-12-08 09:34:03] [Info] Supprimé: C:\WINDOWS\Prefetch\DLLHOST.EXE-4419005E.pf
[2025-12-08 09:34:03] [Info] Nettoyage du cache mémoire système...
[2025-12-08 09:34:03] [Info] (dry-run) Cache mémoire non nettoyé
[2025-12-08 09:34:03] [Info] Exécution flush DNS...
[2025-12-08 09:34:03] [Info] (dry-run) ipconfig /flushdns non exécuté
[2025-12-08 09:34:03] [Info] Vidage de la Corbeille...
[2025-12-08 09:34:03] [Info] (dry-run) Corbeille non vidée
[2025-12-08 09:34:11] [Info] Terminé. Fichiers supprimés: 294, Octets libérés: 501441058
[2025-12-08 09:35:20] [Debug] Paramètres sauvegardés avec succès
